2025-03-18 05:18:07,075 - INFO - Using device: cuda
2025-03-18 05:18:34,459 - INFO - Using device: cuda
2025-03-18 05:20:40,791 - INFO - Using device: cuda
2025-03-18 05:23:59,951 - INFO - Using device: cuda
2025-03-18 05:24:29,006 - INFO - Using device: cuda
2025-03-18 05:25:58,029 - INFO - Using device: cuda
2025-03-18 05:26:33,030 - INFO - Using device: cuda
2025-03-18 05:27:55,674 - INFO - Using device: cuda
2025-03-18 05:29:31,496 - INFO - Using device: cuda
2025-03-18 05:31:05,470 - INFO - Using device: cuda
2025-03-18 05:31:06,704 - INFO - Creating dataloaders...
2025-03-18 05:32:03,767 - INFO - Using device: cuda
2025-03-18 05:32:04,721 - INFO - Creating dataloaders...
2025-03-18 05:33:09,916 - INFO - Using device: cuda
2025-03-18 05:33:10,584 - INFO - Creating dataloaders...
2025-03-18 05:33:11,247 - INFO - Initializing AudioLLM model...
2025-03-18 05:33:50,402 - INFO - Number of trainable parameters: 52,604,032
2025-03-18 05:33:50,403 - INFO - Starting training...
2025-03-18 05:36:07,154 - INFO - Using device: cuda
2025-03-18 05:36:07,848 - INFO - Creating dataloaders...
2025-03-18 05:36:08,547 - INFO - Initializing AudioLLM model...
2025-03-18 05:36:10,124 - INFO - Number of trainable parameters: 52,604,032
2025-03-18 05:36:10,125 - INFO - Starting training...
2025-03-18 05:37:07,035 - INFO - Using device: cuda
2025-03-18 05:37:11,531 - INFO - Creating dataloaders...
2025-03-18 05:37:12,676 - INFO - Initializing AudioLLM model...
2025-03-18 05:37:14,145 - INFO - Number of trainable parameters: 52,604,032
2025-03-18 05:37:14,146 - INFO - Starting training...
2025-03-18 05:40:51,085 - INFO - Using device: cuda
2025-03-18 05:40:51,810 - INFO - Creating dataloaders...
2025-03-18 05:40:52,588 - INFO - Initializing AudioLLM model...
2025-03-18 05:40:54,282 - INFO - Number of trainable parameters: 52,604,032
2025-03-18 05:40:54,283 - INFO - Starting training...
2025-03-18 05:45:29,881 - INFO - Using device: cuda
2025-03-18 05:45:34,101 - INFO - Creating dataloaders...
2025-03-18 05:45:34,899 - INFO - Initializing AudioLLM model...
2025-03-18 05:45:41,143 - INFO - Number of trainable parameters: 52,604,032
2025-03-18 05:45:41,144 - INFO - Starting training...
2025-03-18 05:48:12,410 - INFO - Using device: cuda
2025-03-18 05:48:13,081 - INFO - Creating dataloaders...
2025-03-18 05:48:14,063 - INFO - Initializing AudioLLM model...
2025-03-18 05:48:17,173 - INFO - Number of trainable parameters: 52,604,032
2025-03-18 05:48:17,174 - INFO - Starting training...
2025-03-18 05:50:16,806 - INFO - Using device: cuda
2025-03-18 05:50:17,696 - INFO - Creating dataloaders...
2025-03-18 05:50:18,367 - INFO - Initializing AudioLLM model...
2025-03-18 05:50:21,515 - INFO - Number of trainable parameters: 52,604,032
2025-03-18 05:50:21,516 - INFO - Starting training...
2025-03-18 05:50:46,461 - INFO - Using device: cuda
2025-03-18 05:50:47,085 - INFO - Creating dataloaders...
2025-03-18 05:50:49,485 - INFO - Initializing AudioLLM model...
2025-03-18 05:50:52,606 - INFO - Number of trainable parameters: 52,604,032
2025-03-18 05:50:52,607 - INFO - Starting training...
2025-03-18 05:53:01,493 - INFO - Using device: cuda
2025-03-18 05:53:02,295 - INFO - Creating dataloaders...
2025-03-18 05:53:04,962 - INFO - Initializing AudioLLM model...
2025-03-18 05:53:31,969 - INFO - Using device: cuda
2025-03-18 05:53:32,629 - INFO - Creating dataloaders...
2025-03-18 05:53:33,311 - INFO - Initializing AudioLLM model...
2025-03-18 05:53:36,569 - INFO - Number of trainable parameters: 48,253,504
2025-03-18 05:53:36,570 - INFO - Starting training...
2025-03-18 05:58:20,465 - INFO - Using device: cuda
2025-03-18 05:58:21,124 - INFO - Creating dataloaders...
2025-03-18 05:58:22,102 - INFO - Initializing AudioLLM model...
2025-03-18 05:58:25,210 - INFO - Number of trainable parameters: 48,253,504
2025-03-18 05:58:25,211 - INFO - Starting training...
2025-03-18 05:59:55,341 - INFO - Using device: cuda
2025-03-18 05:59:56,324 - INFO - Creating dataloaders...
2025-03-18 05:59:57,444 - INFO - Initializing AudioLLM model...
2025-03-18 06:00:00,606 - INFO - Number of trainable parameters: 48,253,504
2025-03-18 06:00:00,607 - INFO - Starting training...
2025-03-18 06:03:14,421 - INFO - Using device: cuda
2025-03-18 06:03:15,092 - INFO - Creating dataloaders...
2025-03-18 06:03:15,761 - INFO - Initializing AudioLLM model...
2025-03-18 06:03:18,901 - INFO - Number of trainable parameters: 48,253,504
2025-03-18 06:03:18,902 - INFO - Starting training...
2025-03-18 06:04:47,587 - INFO - Using device: cuda
2025-03-18 06:06:37,754 - INFO - Using device: cuda
2025-03-18 06:06:38,416 - INFO - Creating dataloaders...
2025-03-18 06:06:39,047 - INFO - Initializing AudioLLM model...
2025-03-18 06:06:48,894 - INFO - Number of trainable parameters: 48,253,504
2025-03-18 06:06:48,895 - INFO - Starting training...
