2025-03-20 20:04:13,844 - INFO - Using device: cuda
2025-03-20 20:05:42,800 - INFO - Using device: cuda
2025-03-20 20:05:44,829 - INFO - Creating dataloaders...
2025-03-20 20:06:01,775 - INFO - Initializing AudioLLM model...
2025-03-20 20:06:48,691 - INFO - Number of trainable parameters: 48,253,504
2025-03-20 20:06:48,691 - INFO - Starting training...
2025-03-20 20:16:02,668 - INFO - Using device: cuda
2025-03-20 20:16:03,463 - INFO - Creating dataloaders...
2025-03-20 20:16:05,234 - INFO - Initializing AudioLLM model...
2025-03-20 20:16:11,729 - INFO - Number of trainable parameters: 48,253,504
2025-03-20 20:16:11,730 - INFO - Starting training...
2025-03-20 20:23:31,627 - INFO - Using device: cuda
2025-03-20 20:23:33,840 - INFO - Creating dataloaders...
2025-03-20 20:23:34,493 - INFO - Initializing AudioLLM model...
2025-03-20 20:23:41,123 - INFO - Number of trainable parameters: 48,253,504
2025-03-20 20:23:41,124 - INFO - Starting training...
2025-03-20 20:25:46,753 - INFO - Using device: cuda
2025-03-20 20:25:47,917 - INFO - Creating dataloaders...
2025-03-20 20:25:48,728 - INFO - Initializing AudioLLM model...
2025-03-20 20:25:55,255 - INFO - Number of trainable parameters: 48,253,504
2025-03-20 20:25:55,256 - INFO - Starting training...
2025-03-20 20:28:47,338 - INFO - Evaluating at step 100...
2025-03-20 20:28:49,668 - INFO - Eval loss: 0.5806, Perplexity: 1.7870
2025-03-20 20:28:50,241 - INFO - Saved checkpoint to ./checkpoints/checkpoint-100
2025-03-20 20:28:50,241 - INFO - New best model with loss: 0.5806
2025-03-20 20:28:50,848 - INFO - Saved checkpoint to ./checkpoints/checkpoint-100
2025-03-20 20:30:05,109 - INFO - Final evaluation...
2025-03-20 20:30:07,448 - INFO - Final eval loss: 0.5797, Perplexity: 1.7856
2025-03-20 20:30:07,826 - INFO - Saved checkpoint to ./checkpoints/final_checkpoint
2025-03-20 20:30:07,827 - INFO - Training completed!
2025-03-20 20:46:48,614 - INFO - Using device: cuda
2025-03-20 20:46:49,352 - INFO - Creating dataloaders...
2025-03-20 20:46:50,144 - INFO - Initializing AudioLLM model...
2025-03-20 20:46:56,667 - INFO - Number of trainable parameters: 48,253,504
2025-03-20 20:46:56,668 - INFO - Starting training...
2025-03-20 20:49:52,356 - INFO - Using device: cuda
2025-03-20 20:49:53,128 - INFO - Creating dataloaders...
2025-03-20 20:49:53,821 - INFO - Initializing AudioLLM model...
2025-03-20 20:50:00,374 - INFO - Number of trainable parameters: 48,253,504
2025-03-20 20:50:00,375 - INFO - Starting training...
2025-03-20 20:54:01,943 - INFO - Using device: cuda
2025-03-20 20:54:02,909 - INFO - Creating dataloaders...
2025-03-20 20:55:10,469 - INFO - Using device: cuda
2025-03-20 20:55:11,182 - INFO - Creating dataloaders...
2025-03-20 20:56:24,803 - INFO - Using device: cuda
2025-03-20 20:56:25,477 - INFO - Creating dataloaders...
2025-03-20 21:07:37,536 - INFO - Using device: cuda
2025-03-20 21:07:38,268 - INFO - Creating dataloaders...
2025-03-20 21:07:39,015 - INFO - Initializing AudioLLM model...
2025-03-20 21:07:45,562 - INFO - Number of trainable parameters: 48,253,504
2025-03-20 21:07:45,563 - INFO - Starting training...
2025-03-20 21:09:17,227 - INFO - Evaluating at step 50...
2025-03-20 21:09:20,233 - INFO - Eval loss: 0.5696, Perplexity: 1.7676
2025-03-20 21:09:20,650 - INFO - Saved checkpoint to ./checkpoints/checkpoint-50
2025-03-20 21:09:20,651 - INFO - New best model with loss: 0.5696
2025-03-20 21:09:21,111 - INFO - Saved checkpoint to ./checkpoints/checkpoint-50
2025-03-20 21:10:45,884 - INFO - Evaluating at step 100...
2025-03-20 21:10:48,700 - INFO - Eval loss: 0.5611, Perplexity: 1.7526
2025-03-20 21:10:49,372 - INFO - Saved checkpoint to ./checkpoints/checkpoint-100
2025-03-20 21:10:49,373 - INFO - New best model with loss: 0.5611
2025-03-20 21:10:49,895 - INFO - Saved checkpoint to ./checkpoints/checkpoint-100
2025-03-20 21:12:05,286 - INFO - Final evaluation...
2025-03-20 21:12:08,238 - INFO - Final eval loss: 0.5529, Perplexity: 1.7382
2025-03-20 21:12:08,890 - INFO - Saved checkpoint to ./checkpoints/final_checkpoint
2025-03-20 21:12:08,891 - INFO - Training completed!
2025-03-23 20:31:02,175 - INFO - Using device: cuda
2025-03-23 20:31:58,727 - INFO - Using device: cuda
2025-03-23 20:32:02,502 - INFO - Creating dataloaders...
2025-03-23 20:39:45,787 - INFO - Using device: cuda
2025-03-23 20:39:46,470 - INFO - Creating dataloaders...
2025-03-23 20:39:47,228 - INFO - Initializing AudioLLM model...
2025-03-23 20:40:25,845 - INFO - Number of trainable parameters: 48,253,504
2025-03-23 20:40:25,846 - INFO - Starting training...
2025-03-23 20:49:45,416 - INFO - Using device: cuda
2025-03-23 20:49:46,171 - INFO - Creating dataloaders...
2025-03-23 20:49:47,283 - INFO - Initializing AudioLLM model...
2025-03-23 20:49:53,515 - INFO - Number of trainable parameters: 48,253,504
2025-03-23 20:49:53,516 - INFO - Starting training...
2025-03-23 21:26:01,087 - INFO - Using device: cuda
2025-03-23 21:26:01,818 - INFO - Creating dataloaders...
2025-03-23 21:26:02,497 - INFO - Initializing AudioLLM model...
2025-03-23 21:26:08,794 - INFO - Number of trainable parameters: 48,253,504
2025-03-23 21:26:08,795 - INFO - Starting training...
2025-03-31 18:43:01,184 - INFO - Loaded dataset configuration from data/librispeech_test/dataset_config.json
2025-03-31 18:43:01,185 - INFO - Using device: cpu
2025-03-31 18:43:01,994 - INFO - Creating dataloaders...
2025-03-31 18:44:10,499 - INFO - Loaded dataset configuration from data/librispeech_test/dataset_config.json
2025-03-31 18:44:10,500 - INFO - Using device: cpu
2025-03-31 18:44:11,417 - INFO - Creating dataloaders...
2025-03-31 18:44:12,153 - INFO - Initializing AudioLLM model...
2025-03-31 18:44:41,115 - INFO - Number of trainable parameters: 48,253,504
2025-03-31 18:44:41,116 - INFO - Starting training...
2025-03-31 19:45:05,403 - INFO - Loaded dataset configuration from data/librispeech_test/dataset_config.json
2025-03-31 19:45:05,404 - INFO - Using device: cpu
2025-03-31 19:45:06,197 - INFO - Creating dataloaders...
2025-03-31 19:45:06,976 - INFO - Initializing AudioLLM model...
2025-03-31 19:45:35,249 - INFO - Number of trainable parameters: 48,253,504
2025-03-31 19:45:35,250 - INFO - Starting training...
2025-04-01 15:10:32,260 - INFO - Loaded dataset configuration from data/librispeech_full/dataset_config.json
2025-04-01 15:13:10,616 - INFO - Loaded dataset configuration from data/librispeech_full/dataset_config.json
2025-04-01 15:13:37,479 - INFO - Loaded dataset configuration from data/librispeech_full/dataset_config.json
2025-04-01 15:13:38,146 - INFO - Using device: cuda
2025-04-01 15:14:04,249 - INFO - Loaded dataset configuration from data/librispeech_full/dataset_config.json
2025-04-01 15:14:04,916 - INFO - Using device: cuda
2025-04-01 15:14:07,406 - INFO - Creating dataloaders...
2025-04-01 15:14:08,578 - INFO - Initializing AudioLLM model...
2025-04-01 15:15:41,385 - INFO - Number of trainable parameters: 48,253,504
2025-04-01 15:15:41,386 - INFO - Starting training...
2025-04-01 15:17:47,781 - INFO - Evaluating at step 50...
2025-04-01 15:23:09,388 - INFO - Loaded dataset configuration from data/librispeech_full/dataset_config.json
2025-04-01 15:23:10,022 - INFO - Using device: cuda
2025-04-01 15:23:10,660 - INFO - Creating dataloaders...
2025-04-01 15:23:11,962 - INFO - Initializing AudioLLM model...
2025-04-01 15:23:18,262 - INFO - Number of trainable parameters: 48,253,504
2025-04-01 15:23:18,263 - INFO - Starting training...
2025-04-01 15:23:51,208 - INFO - Loaded dataset configuration from data/librispeech_full/dataset_config.json
2025-04-01 15:23:51,858 - INFO - Using device: cuda
2025-04-01 15:23:52,491 - INFO - Creating dataloaders...
2025-04-01 15:23:54,068 - INFO - Initializing AudioLLM model...
2025-04-01 15:24:00,225 - INFO - Number of trainable parameters: 48,253,504
2025-04-01 15:24:00,226 - INFO - Starting training...
2025-04-01 15:25:34,187 - INFO - Loaded dataset configuration from data/librispeech_full/dataset_config.json
2025-04-01 15:25:34,862 - INFO - Using device: cuda
2025-04-01 15:25:35,493 - INFO - Creating dataloaders...
2025-04-01 15:25:36,670 - INFO - Initializing AudioLLM model...
2025-04-01 15:25:42,866 - INFO - Number of trainable parameters: 48,253,504
2025-04-01 15:25:42,867 - INFO - Starting training...
2025-04-01 15:27:48,239 - INFO - Evaluating at step 50...
2025-04-01 15:34:53,159 - INFO - Eval loss: 0.5618, Perplexity: 1.7538
2025-04-01 15:41:23,364 - INFO - Loaded dataset configuration from data/librispeech_full/dataset_config.json
2025-04-01 15:41:24,045 - INFO - Using device: cuda
2025-04-01 15:41:24,695 - INFO - Creating dataloaders...
2025-04-01 15:41:25,887 - INFO - Initializing AudioLLM model...
2025-04-01 15:41:34,595 - INFO - Number of trainable parameters: 48,253,504
2025-04-01 15:41:34,596 - INFO - Starting training...
2025-04-01 15:43:40,063 - INFO - Evaluating at step 50...
2025-04-01 15:50:00,331 - INFO - Loaded dataset configuration from data/librispeech_full/dataset_config.json
2025-04-01 15:50:01,003 - INFO - Using device: cuda
2025-04-01 15:50:01,681 - INFO - Creating dataloaders...
2025-04-01 15:50:02,913 - INFO - Initializing AudioLLM model...
2025-04-01 15:50:09,162 - INFO - Number of trainable parameters: 48,253,504
2025-04-01 15:50:09,163 - INFO - Starting training...
2025-04-01 15:53:24,560 - INFO - Loaded dataset configuration from data/librispeech_full/dataset_config.json
2025-04-01 15:53:25,288 - INFO - Using device: cuda
2025-04-01 15:53:26,121 - INFO - Creating dataloaders...
2025-04-01 15:53:27,299 - INFO - Initializing AudioLLM model...
2025-04-01 15:53:36,248 - INFO - Number of trainable parameters: 436,357,696
2025-04-01 15:53:36,249 - INFO - Starting training...
2025-04-01 15:55:46,433 - INFO - Saved checkpoint to ./checkpoints/checkpoint-50
2025-04-01 15:57:46,835 - INFO - Evaluating at step 100...
2025-04-01 16:04:55,816 - INFO - Eval loss: 0.5604, Perplexity: 1.7513
2025-04-01 16:04:58,302 - INFO - Saved checkpoint to ./checkpoints/checkpoint-100
2025-04-01 16:04:58,303 - INFO - New best model with loss: 0.5604
2025-04-01 16:05:03,479 - INFO - Saved checkpoint to ./checkpoints/checkpoint-100
2025-04-01 16:07:04,901 - INFO - Saved checkpoint to ./checkpoints/checkpoint-150
2025-04-01 16:09:04,524 - INFO - Evaluating at step 200...
2025-04-01 16:16:13,899 - INFO - Eval loss: 0.5409, Perplexity: 1.7176
2025-04-01 16:16:16,391 - INFO - Saved checkpoint to ./checkpoints/checkpoint-200
2025-04-01 16:16:16,392 - INFO - New best model with loss: 0.5409
2025-04-01 16:16:21,602 - INFO - Saved checkpoint to ./checkpoints/checkpoint-200
2025-04-01 16:18:22,998 - INFO - Saved checkpoint to ./checkpoints/checkpoint-250
2025-04-01 16:20:22,025 - INFO - Evaluating at step 300...
2025-04-01 16:27:31,897 - INFO - Eval loss: 0.5365, Perplexity: 1.7100
2025-04-01 16:27:34,372 - INFO - Saved checkpoint to ./checkpoints/checkpoint-300
2025-04-01 16:27:34,372 - INFO - New best model with loss: 0.5365
2025-04-01 16:27:39,501 - INFO - Saved checkpoint to ./checkpoints/checkpoint-300
2025-04-01 16:29:41,136 - INFO - Saved checkpoint to ./checkpoints/checkpoint-350
2025-04-01 16:31:40,108 - INFO - Evaluating at step 400...
2025-04-01 16:38:49,080 - INFO - Eval loss: 0.5334, Perplexity: 1.7047
2025-04-01 16:38:51,553 - INFO - Saved checkpoint to ./checkpoints/checkpoint-400
2025-04-01 16:38:51,554 - INFO - New best model with loss: 0.5334
2025-04-01 16:38:56,417 - INFO - Saved checkpoint to ./checkpoints/checkpoint-400
2025-04-01 16:40:58,683 - INFO - Saved checkpoint to ./checkpoints/checkpoint-450
2025-04-01 16:42:57,824 - INFO - Evaluating at step 500...
2025-04-01 16:48:54,158 - INFO - Loaded dataset configuration from data/librispeech_full/dataset_config.json
2025-04-01 16:48:54,802 - INFO - Using device: cuda
2025-04-01 16:48:55,546 - INFO - Creating dataloaders...
2025-04-01 16:48:56,708 - INFO - Initializing AudioLLM model...
2025-04-01 16:49:23,986 - INFO - Loaded dataset configuration from data/librispeech_full/dataset_config.json
2025-04-01 16:49:24,669 - INFO - Using device: cuda
2025-04-01 16:49:25,309 - INFO - Creating dataloaders...
2025-04-01 16:49:26,642 - INFO - Initializing AudioLLM model...
2025-04-01 16:49:34,235 - INFO - Number of trainable parameters: 225,094,784
2025-04-01 16:49:34,236 - INFO - Starting training...
2025-04-01 16:52:27,288 - INFO - Loaded dataset configuration from data/librispeech_full/dataset_config.json
2025-04-01 16:52:28,164 - INFO - Using device: cuda
2025-04-01 16:52:28,850 - INFO - Creating dataloaders...
2025-04-01 16:52:31,177 - INFO - Initializing AudioLLM model...
2025-04-01 16:52:38,567 - INFO - Number of trainable parameters: 225,094,784
2025-04-01 16:52:38,568 - INFO - Starting training...
2025-04-01 16:54:06,692 - INFO - Loaded dataset configuration from data/librispeech_full/dataset_config.json
2025-04-01 16:54:07,377 - INFO - Using device: cuda
2025-04-01 16:54:08,015 - INFO - Creating dataloaders...
2025-04-01 16:54:09,183 - INFO - Initializing AudioLLM model...
2025-04-01 16:54:18,377 - INFO - Number of trainable parameters: 225,094,784
2025-04-01 16:54:18,378 - INFO - Starting training...
2025-04-01 16:58:41,148 - INFO - Loaded dataset configuration from data/librispeech_full/dataset_config.json
2025-04-01 16:58:41,818 - INFO - Using device: cuda
2025-04-01 16:58:42,466 - INFO - Creating dataloaders...
2025-04-01 16:58:43,634 - INFO - Initializing AudioLLM model...
2025-04-01 16:58:51,168 - INFO - Number of trainable parameters: 225,094,784
2025-04-01 16:58:51,169 - INFO - Starting training...
2025-04-01 17:03:43,652 - INFO - Loaded dataset configuration from data/librispeech_full/dataset_config.json
2025-04-01 17:03:44,365 - INFO - Using device: cuda
2025-04-01 17:03:45,287 - INFO - Creating dataloaders...
2025-04-01 17:03:46,484 - INFO - Initializing AudioLLM model...
2025-04-01 17:03:53,986 - INFO - Number of trainable parameters: 225,094,784
2025-04-01 17:03:53,987 - INFO - Starting training...
2025-04-01 17:04:58,934 - INFO - Loaded dataset configuration from data/librispeech_full/dataset_config.json
2025-04-01 17:04:59,794 - INFO - Using device: cuda
2025-04-01 17:05:00,721 - INFO - Creating dataloaders...
2025-04-01 17:05:01,908 - INFO - Initializing AudioLLM model...
2025-04-01 17:05:09,487 - INFO - Number of trainable parameters: 225,094,784
2025-04-01 17:05:09,488 - INFO - Starting training...
2025-04-01 17:11:08,737 - INFO - Loaded dataset configuration from data/librispeech_full/dataset_config.json
2025-04-01 17:11:09,449 - INFO - Using device: cuda
2025-04-01 17:11:10,110 - INFO - Creating dataloaders...
2025-04-01 17:11:11,431 - INFO - Initializing AudioLLM model...
2025-04-01 17:11:19,064 - INFO - Number of trainable parameters: 225,094,784
2025-04-01 17:11:19,065 - INFO - Starting training...
2025-04-01 17:13:31,971 - INFO - Loaded dataset configuration from data/librispeech_full/dataset_config.json
2025-04-01 17:13:32,673 - INFO - Using device: cuda
2025-04-01 17:13:35,584 - INFO - Creating dataloaders...
2025-04-01 17:13:36,771 - INFO - Initializing AudioLLM model...
2025-04-01 17:13:44,301 - INFO - Number of trainable parameters: 225,094,784
2025-04-01 17:13:44,302 - INFO - Starting training...
2025-04-01 17:20:48,018 - INFO - Loaded dataset configuration from data/librispeech_full/dataset_config.json
2025-04-01 17:20:48,701 - INFO - Using device: cuda
2025-04-01 17:20:49,347 - INFO - Creating dataloaders...
2025-04-01 17:20:50,627 - INFO - Initializing AudioLLM model...
2025-04-01 17:20:58,607 - INFO - Number of trainable parameters: 225,094,784
2025-04-01 17:20:58,608 - INFO - Starting training...
2025-04-01 17:25:31,859 - INFO - Loaded dataset configuration from data/librispeech_full/dataset_config.json
2025-04-01 17:25:32,527 - INFO - Using device: cuda
2025-04-01 17:25:33,189 - INFO - Creating dataloaders...
2025-04-01 17:25:34,373 - INFO - Initializing AudioLLM model...
2025-04-01 17:25:41,937 - INFO - Number of trainable parameters: 225,094,784
2025-04-01 17:25:41,938 - INFO - Starting training...
2025-04-01 17:27:06,142 - INFO - Loaded dataset configuration from data/librispeech_full/dataset_config.json
2025-04-01 17:27:06,815 - INFO - Using device: cuda
2025-04-01 17:27:07,483 - INFO - Creating dataloaders...
2025-04-01 17:27:08,671 - INFO - Initializing AudioLLM model...
2025-04-01 17:27:15,374 - INFO - Number of trainable parameters: 95,726,720
2025-04-01 17:27:15,375 - INFO - Starting training...
2025-04-01 17:30:01,677 - INFO - Saved checkpoint to ./checkpoints/checkpoint-50
2025-04-01 17:32:40,151 - INFO - Evaluating at step 100...
